<?xml version="1.0" encoding="UTF-8"?>
<!-- Generated by org.testng.reporters.JUnitReportReporter -->
<testsuite hostname="navkar" name="selenium.test.WeacastFlow" tests="1" failures="0" timestamp="5 Dec 2013 04:32:58 GMT" time="22.447" errors="0">
  <testcase name="checktemp" time="22.447" classname="selenium.test.WeacastFlow"/>
</testsuite> <!-- selenium.test.WeacastFlow -->
