<?xml version="1.0" encoding="UTF-8"?>
<!-- Generated by org.testng.reporters.JUnitReportReporter -->
<testsuite hostname="navkar" name="selenium.test.test" tests="1" failures="0" timestamp="5 Dec 2013 04:32:23 GMT" time="17.689" errors="0">
  <testcase name="checktemp" time="17.689" classname="selenium.test.test"/>
</testsuite> <!-- selenium.test.test -->
